SF:lib\classes\state_info.dart
DA:6,1
DA:57,2
DA:59,2
DA:61,0
DA:63,2
DA:65,0
DA:67,0
DA:69,1
DA:70,2
DA:71,3
DA:72,2
DA:73,2
DA:74,1
DA:77,1
DA:78,2
DA:79,4
DA:83,1
DA:84,1
DA:85,3
DA:86,1
DA:87,1
DA:88,2
DA:89,2
DA:90,0
DA:91,0
DA:93,1
DA:94,1
DA:95,1
DA:96,0
DA:97,0
DA:99,0
DA:100,0
DA:104,1
DA:105,2
DA:106,2
DA:107,3
DA:108,3
DA:109,0
DA:110,0
DA:113,1
DA:114,1
DA:117,0
DA:118,0
DA:119,0
DA:120,0
DA:123,1
DA:124,2
DA:127,1
DA:128,2
DA:131,0
DA:132,0
DA:133,0
DA:134,0
DA:137,0
DA:138,0
DA:139,0
DA:141,0
DA:142,0
DA:145,0
DA:146,0
DA:149,1
DA:150,1
DA:151,1
DA:153,0
DA:154,0
DA:155,0
DA:156,0
DA:157,0
DA:158,0
DA:161,0
DA:164,0
DA:165,0
DA:166,0
DA:167,0
DA:170,0
DA:171,0
DA:172,0
DA:175,0
DA:176,0
DA:177,0
DA:178,0
DA:181,1
DA:182,2
DA:185,2
LF:84
LH:40
end_of_record
SF:lib\pages\home.dart
DA:8,1
DA:13,2
DA:14,2
DA:17,1
DA:18,3
DA:19,1
DA:25,1
DA:27,1
DA:28,1
DA:29,1
DA:30,1
DA:31,1
LF:12
LH:12
end_of_record
SF:lib\widgets\form\task_form.dart
DA:14,1
DA:15,3
DA:16,3
DA:21,1
DA:22,1
DA:36,1
DA:37,1
DA:40,1
DA:42,1
DA:43,1
DA:44,1
DA:45,1
DA:46,1
DA:47,1
DA:48,1
DA:49,1
DA:50,1
DA:51,1
DA:52,1
DA:53,1
DA:54,1
DA:55,1
DA:56,2
DA:57,1
DA:58,2
DA:59,1
DA:60,1
DA:62,1
DA:63,1
DA:65,1
DA:67,1
DA:68,3
DA:69,1
DA:71,1
DA:72,1
DA:74,2
DA:76,1
DA:77,1
DA:78,1
DA:79,1
DA:81,2
DA:84,1
DA:85,0
DA:86,0
DA:87,0
DA:92,1
DA:93,1
DA:94,1
DA:95,1
DA:97,2
DA:100,1
DA:101,0
DA:102,0
DA:103,0
DA:110,1
DA:111,1
DA:112,1
DA:113,1
DA:114,3
DA:115,1
DA:117,2
DA:118,2
DA:119,1
DA:120,1
DA:121,2
DA:123,2
DA:124,0
DA:126,1
DA:127,4
DA:128,0
DA:129,0
DA:131,2
DA:132,2
DA:135,1
DA:137,1
LF:75
LH:66
end_of_record
SF:lib\widgets\task_tile.dart
DA:9,1
DA:11,1
DA:13,1
DA:14,1
DA:15,1
DA:17,1
DA:18,1
DA:19,1
DA:20,5
DA:35,1
DA:36,1
DA:38,1
DA:39,1
DA:40,1
DA:41,3
DA:42,2
LF:16
LH:16
end_of_record
SF:lib\classes\task.dart
DA:10,1
LF:1
LH:1
end_of_record
SF:lib\pages\task_page.dart
DA:16,1
DA:21,1
DA:22,1
DA:26,1
DA:28,1
DA:30,1
DA:31,1
DA:33,1
DA:34,1
DA:35,1
DA:37,1
DA:38,1
DA:40,1
DA:42,1
DA:44,1
DA:45,1
DA:47,1
DA:48,2
DA:49,1
DA:50,1
DA:51,4
DA:52,1
DA:53,1
DA:57,2
DA:58,1
DA:59,1
DA:60,1
DA:61,1
DA:63,3
DA:64,1
DA:65,2
DA:66,1
DA:67,4
DA:75,2
DA:76,1
DA:77,1
DA:78,1
DA:79,2
DA:80,2
DA:84,2
DA:85,1
DA:86,1
DA:87,1
DA:88,2
DA:89,2
DA:93,1
DA:94,1
DA:95,0
DA:96,0
DA:98,0
DA:99,0
DA:100,0
DA:101,0
DA:103,0
DA:104,0
DA:107,0
DA:110,0
DA:112,0
DA:113,0
DA:114,0
DA:116,0
DA:117,0
DA:119,0
DA:120,0
DA:123,0
DA:124,0
DA:126,0
DA:127,0
DA:129,0
DA:130,0
DA:131,0
DA:140,1
DA:141,0
DA:142,0
DA:143,0
DA:145,1
DA:149,1
DA:151,1
DA:152,4
DA:153,1
DA:156,1
DA:157,2
DA:158,1
DA:159,4
DA:160,2
DA:161,1
DA:162,4
DA:163,1
DA:164,3
DA:165,1
DA:166,1
DA:168,1
DA:169,3
DA:172,1
DA:173,4
DA:175,1
DA:177,1
DA:178,1
DA:179,4
DA:181,0
DA:183,0
DA:184,0
DA:186,1
DA:188,1
DA:189,4
DA:191,4
DA:193,1
DA:194,1
DA:196,1
DA:199,1
DA:200,1
DA:201,1
DA:202,1
DA:203,4
DA:204,1
DA:206,1
DA:207,4
DA:211,1
DA:212,2
DA:213,3
DA:214,1
DA:215,1
DA:229,1
DA:230,2
DA:231,0
DA:232,0
DA:234,0
DA:235,0
DA:236,0
DA:241,1
DA:243,1
DA:245,1
LF:132
LH:97
end_of_record
SF:lib\pages\my_tasks.dart
DA:10,1
DA:12,1
DA:14,1
DA:15,1
DA:16,1
DA:17,1
DA:18,1
DA:19,1
DA:20,1
DA:21,1
DA:22,1
DA:23,2
DA:24,1
DA:25,1
DA:26,2
DA:27,1
DA:28,1
DA:29,2
DA:39,1
DA:40,1
DA:41,2
DA:43,2
DA:46,1
DA:47,1
DA:49,1
LF:25
LH:25
end_of_record
SF:lib\styles\styles.dart
DA:4,1
DA:5,1
DA:12,1
DA:13,1
DA:20,1
DA:21,1
DA:28,1
DA:29,1
DA:30,1
DA:32,1
DA:35,1
DA:39,1
DA:40,1
DA:43,1
DA:44,1
DA:47,1
DA:48,1
DA:50,1
DA:52,2
DA:56,1
DA:60,1
LF:21
LH:21
end_of_record
SF:lib\widgets\filter_tasks.dart
DA:7,1
DA:9,1
DA:10,1
DA:14,1
DA:16,1
DA:17,1
DA:18,1
DA:19,1
DA:20,1
DA:21,1
DA:22,1
DA:24,1
DA:25,1
DA:26,1
DA:28,1
DA:32,1
DA:33,0
DA:34,0
DA:35,0
DA:37,1
DA:44,1
DA:45,1
DA:46,1
DA:47,1
DA:48,1
DA:49,1
DA:51,1
DA:53,1
DA:56,1
DA:58,1
DA:59,0
DA:60,0
LF:32
LH:27
end_of_record
SF:lib\widgets\description_box.dart
DA:6,1
DA:10,1
DA:12,1
DA:13,1
DA:15,3
DA:16,1
DA:17,1
DA:18,1
DA:19,1
DA:20,1
DA:21,1
DA:22,1
DA:23,1
LF:13
LH:13
end_of_record
SF:lib\widgets\edit_description_box.dart
DA:6,1
DA:11,1
DA:12,1
DA:16,1
DA:18,1
DA:20,3
DA:21,1
DA:22,1
DA:23,1
DA:24,1
DA:25,1
DA:26,1
DA:27,1
DA:28,1
DA:32,1
DA:35,1
DA:36,3
DA:38,3
DA:39,1
LF:19
LH:19
end_of_record
SF:lib\widgets\filter_selection.dart
DA:7,2
DA:11,1
DA:13,1
DA:14,1
DA:15,1
DA:16,1
DA:17,0
DA:18,0
DA:20,0
DA:21,0
DA:23,0
DA:24,0
DA:25,0
DA:26,0
DA:27,0
DA:28,0
DA:30,0
DA:32,0
DA:35,0
DA:37,0
DA:38,0
DA:39,0
LF:22
LH:6
end_of_record
SF:lib\widgets\form\add_related_task.dart
DA:10,0
DA:16,0
DA:17,0
DA:20,0
DA:22,0
DA:23,0
DA:24,0
DA:25,0
DA:27,0
DA:28,0
DA:29,0
DA:31,0
DA:32,0
DA:33,0
DA:35,0
DA:36,0
DA:38,0
DA:39,0
DA:41,0
DA:43,0
DA:45,0
DA:47,0
DA:48,0
DA:49,0
DA:50,0
DA:51,0
DA:52,0
DA:53,0
DA:56,0
DA:58,0
LF:30
LH:0
end_of_record
SF:lib\widgets\related_task_button.dart
DA:7,1
DA:10,1
DA:12,1
DA:13,1
DA:14,1
DA:15,1
DA:17,1
DA:19,1
DA:21,1
DA:22,1
DA:23,1
DA:24,1
DA:25,1
DA:28,0
DA:29,0
DA:31,1
DA:33,3
DA:34,1
LF:18
LH:16
end_of_record
SF:lib\widgets\relationship_list.dart
DA:9,1
DA:14,1
DA:15,1
DA:19,1
DA:21,2
DA:22,1
DA:25,1
DA:26,6
DA:27,0
DA:28,0
DA:29,0
DA:30,0
DA:32,0
DA:33,0
DA:34,0
LF:15
LH:8
end_of_record
SF:lib\widgets\form\form_components.dart
DA:6,1
DA:7,1
DA:13,1
DA:14,1
DA:15,1
DA:17,2
DA:20,2
DA:21,1
DA:26,1
DA:27,1
DA:28,1
DA:30,2
DA:33,2
DA:34,1
DA:41,1
DA:43,1
DA:44,1
DA:45,1
DA:46,1
DA:47,1
DA:49,2
DA:52,1
DA:53,1
DA:55,2
DA:56,1
DA:58,1
DA:60,1
DA:63,1
LF:28
LH:28
end_of_record
